\BOOKMARK [0][-]{section*.2}{HALAMAN JUDUL}{}% 1
\BOOKMARK [0][-]{figure.caption.3}{Table of Contents}{}% 2
\BOOKMARK [0][-]{figure.caption.3}{List of Figures}{}% 3
\BOOKMARK [0][-]{figure.caption.3}{List of Tables}{}% 4
\BOOKMARK [0][-]{figure.caption.3}{List of Listings}{}% 5
\BOOKMARK [0][-]{chapter.1}{1 Introduction}{}% 6
\BOOKMARK [1][-]{section.1.1}{1.1 Background}{chapter.1}% 7
\BOOKMARK [1][-]{section.1.2}{1.2 Research Questions}{chapter.1}% 8
\BOOKMARK [1][-]{section.1.3}{1.3 Research Goals}{chapter.1}% 9
\BOOKMARK [1][-]{section.1.4}{1.4 Benefits of Research}{chapter.1}% 10
\BOOKMARK [1][-]{section.1.5}{1.5 Scope of Research}{chapter.1}% 11
\BOOKMARK [1][-]{section.1.6}{1.6 Outline}{chapter.1}% 12
\BOOKMARK [0][-]{chapter.2}{2 Literature Review}{}% 13
\BOOKMARK [1][-]{section.2.1}{2.1 Software Product Lines}{chapter.2}% 14
\BOOKMARK [2][-]{subsection.2.1.1}{2.1.1 Features}{section.2.1}% 15
\BOOKMARK [2][-]{subsection.2.1.2}{2.1.2 Feature Model}{section.2.1}% 16
\BOOKMARK [2][-]{subsection.2.1.3}{2.1.3 Feature Diagram}{section.2.1}% 17
\BOOKMARK [1][-]{section.2.2}{2.2 Abstract Behavioral Specification}{chapter.2}% 18
\BOOKMARK [2][-]{subsection.2.2.1}{2.2.1 Software Product Line in ABS}{section.2.2}% 19
\BOOKMARK [3][-]{subsubsection.2.2.1.1}{2.2.1.1 Feature Models in ABS}{subsection.2.2.1}% 20
\BOOKMARK [3][-]{subsubsection.2.2.1.2}{2.2.1.2 Delta Modeling}{subsection.2.2.1}% 21
\BOOKMARK [3][-]{subsubsection.2.2.1.3}{2.2.1.3 Product Line Configuration}{subsection.2.2.1}% 22
\BOOKMARK [3][-]{subsubsection.2.2.1.4}{2.2.1.4 Product Selection Language}{subsection.2.2.1}% 23
\BOOKMARK [2][-]{subsection.2.2.2}{2.2.2 ABS Compiler}{section.2.2}% 24
\BOOKMARK [3][-]{subsubsection.2.2.2.1}{2.2.2.1 ABS Compiler Front-End}{subsection.2.2.2}% 25
\BOOKMARK [3][-]{subsubsection.2.2.2.2}{2.2.2.2 ABS Compiler Back-End}{subsection.2.2.2}% 26
\BOOKMARK [1][-]{section.2.3}{2.3 Feature Grouping and Related Works}{chapter.2}% 27
\BOOKMARK [2][-]{subsection.2.3.1}{2.3.1 Feature Binding Unit, Lee et al.}{section.2.3}% 28
\BOOKMARK [2][-]{subsection.2.3.2}{2.3.2 Views, Hubaux et al.}{section.2.3}% 29
\BOOKMARK [2][-]{subsection.2.3.3}{2.3.3 Comparison}{section.2.3}% 30
\BOOKMARK [1][-]{section.2.4}{2.4 Enterprise Management Software}{chapter.2}% 31
\BOOKMARK [0][-]{chapter.3}{3 Research Methodology}{}% 32
\BOOKMARK [1][-]{section.3.1}{3.1 Literature Review}{chapter.3}% 33
\BOOKMARK [1][-]{section.3.2}{3.2 Creating Feature Grouping Mechanism}{chapter.3}% 34
\BOOKMARK [1][-]{section.3.3}{3.3 Implement Tool for Grouping in ABS Tools}{chapter.3}% 35
\BOOKMARK [1][-]{section.3.4}{3.4 Implement User Interface for Selecting Feature}{chapter.3}% 36
\BOOKMARK [1][-]{section.3.5}{3.5 Test the Tools Using Case Studies}{chapter.3}% 37
\BOOKMARK [2][-]{subsection.3.5.1}{3.5.1 Test Using Charity Organization System}{section.3.5}% 38
\BOOKMARK [2][-]{subsection.3.5.2}{3.5.2 Test Using Odoo Sales Module}{section.3.5}% 39
\BOOKMARK [1][-]{section.3.6}{3.6 Analyze the Tools and the Outputs}{chapter.3}% 40
\BOOKMARK [1][-]{section.3.7}{3.7 Evaluate the Grouping Mechanism}{chapter.3}% 41
\BOOKMARK [1][-]{section.3.8}{3.8 Write Report and Conclusion}{chapter.3}% 42
\BOOKMARK [0][-]{chapter.4}{4 Case Study}{}% 43
\BOOKMARK [1][-]{section.4.1}{4.1 Charity Organization System \(COS\)}{chapter.4}% 44
\BOOKMARK [1][-]{section.4.2}{4.2 Odoo Sales Module}{chapter.4}% 45
\BOOKMARK [1][-]{section.4.3}{4.3 Motivation for COS and Odoo Sales Modules Case Study}{chapter.4}% 46
\BOOKMARK [0][-]{Item.18}{References}{}% 47
