\BOOKMARK [0][-]{section*.2}{HALAMAN JUDUL}{}% 1
\BOOKMARK [0][-]{figure.caption.3}{Table of Contents}{}% 2
\BOOKMARK [0][-]{figure.caption.3}{List of Figures}{}% 3
\BOOKMARK [0][-]{figure.caption.3}{List of Tables}{}% 4
\BOOKMARK [0][-]{figure.caption.3}{List of Listings}{}% 5
\BOOKMARK [0][-]{chapter.1}{1 Introduction}{}% 6
\BOOKMARK [1][-]{section.1.1}{1.1 Background}{chapter.1}% 7
\BOOKMARK [1][-]{section.1.2}{1.2 Research Questions}{chapter.1}% 8
\BOOKMARK [1][-]{section.1.3}{1.3 Research Goals}{chapter.1}% 9
\BOOKMARK [1][-]{section.1.4}{1.4 Benefits of Research}{chapter.1}% 10
\BOOKMARK [1][-]{section.1.5}{1.5 Scope of Research}{chapter.1}% 11
\BOOKMARK [1][-]{section.1.6}{1.6 Outline}{chapter.1}% 12
\BOOKMARK [0][-]{chapter.2}{2 Literature Review}{}% 13
\BOOKMARK [1][-]{section.2.1}{2.1 Software Product Lines}{chapter.2}% 14
\BOOKMARK [2][-]{subsection.2.1.1}{2.1.1 Feature Model}{section.2.1}% 15
\BOOKMARK [2][-]{subsection.2.1.2}{2.1.2 Feature Diagram}{section.2.1}% 16
\BOOKMARK [1][-]{section.2.2}{2.2 Abstract Behavioral Specification}{chapter.2}% 17
\BOOKMARK [2][-]{subsection.2.2.1}{2.2.1 Software Product Line in ABS}{section.2.2}% 18
\BOOKMARK [3][-]{subsubsection.2.2.1.1}{2.2.1.1 Feature Models in ABS}{subsection.2.2.1}% 19
\BOOKMARK [3][-]{subsubsection.2.2.1.2}{2.2.1.2 Delta Modeling}{subsection.2.2.1}% 20
\BOOKMARK [3][-]{subsubsection.2.2.1.3}{2.2.1.3 Product Line Configuration}{subsection.2.2.1}% 21
\BOOKMARK [3][-]{subsubsection.2.2.1.4}{2.2.1.4 Product Selection Language}{subsection.2.2.1}% 22
\BOOKMARK [2][-]{subsection.2.2.2}{2.2.2 ABS Compiler}{section.2.2}% 23
\BOOKMARK [2][-]{subsection.2.2.3}{2.2.3 ABS Compiler Front-End}{section.2.2}% 24
\BOOKMARK [2][-]{subsection.2.2.4}{2.2.4 ABS Compiler Back-End}{section.2.2}% 25
\BOOKMARK [1][-]{section.2.3}{2.3 Feature Grouping}{chapter.2}% 26
\BOOKMARK [2][-]{subsection.2.3.1}{2.3.1 Feature Binding Unit}{section.2.3}% 27
\BOOKMARK [2][-]{subsection.2.3.2}{2.3.2 Feature Grouping Issue}{section.2.3}% 28
\BOOKMARK [0][-]{chapter.3}{3 Proposed Grouping Technique}{}% 29
\BOOKMARK [1][-]{section.3.1}{3.1 Section}{chapter.3}% 30
\BOOKMARK [2][-]{subsection.3.1.1}{3.1.1 Sub Section}{section.3.1}% 31
\BOOKMARK [2][-]{subsection.3.1.2}{3.1.2 Sub Section}{section.3.1}% 32
\BOOKMARK [0][-]{chapter.4}{4 Case Study}{}% 33
\BOOKMARK [1][-]{section.4.1}{4.1 Odoo Sales Modules}{chapter.4}% 34
\BOOKMARK [2][-]{subsection.4.1.1}{4.1.1 Sales Module Features}{section.4.1}% 35
\BOOKMARK [2][-]{subsection.4.1.2}{4.1.2 Motivation for Odoo Sales Modules Case Study}{section.4.1}% 36
